C:\Program Files (x86)\MSBuild\Microsoft.Cpp\v4.0\V140\Microsoft.CppBuild.targets(392,5): warning MSB8028: The intermediate directory (Debug\) contains files shared from another project (BDI5.vcxproj).  This can lead to incorrect clean and rebuild behavior.
  源.cpp
d:\bdi5\bdi5\源.cpp(492): warning C4244: “参数”: 从“double”转换到“int”，可能丢失数据
d:\bdi5\bdi5\源.cpp(959): warning C4244: “*=”: 从“double”转换到“int”，可能丢失数据
d:\bdi5\bdi5\源.cpp(995): warning C4244: “参数”: 从“double”转换到“int”，可能丢失数据
d:\bdi5\bdi5\源.cpp(997): warning C4244: “参数”: 从“double”转换到“int”，可能丢失数据
d:\bdi5\bdi5\源.cpp(999): warning C4244: “参数”: 从“double”转换到“int”，可能丢失数据
d:\bdi5\bdi5\源.cpp(1000): warning C4244: “参数”: 从“double”转换到“int”，可能丢失数据
d:\bdi5\bdi5\源.cpp(1004): warning C4244: “参数”: 从“double”转换到“int”，可能丢失数据
d:\bdi5\bdi5\源.cpp(1008): warning C4244: “参数”: 从“double”转换到“int”，可能丢失数据
d:\bdi5\bdi5\源.cpp(1011): warning C4244: “参数”: 从“double”转换到“int”，可能丢失数据
d:\bdi5\bdi5\源.cpp(1019): warning C4244: “参数”: 从“double”转换到“int”，可能丢失数据
d:\bdi5\bdi5\源.cpp(1022): warning C4244: “参数”: 从“double”转换到“int”，可能丢失数据
d:\bdi5\bdi5\源.cpp(1025): warning C4244: “参数”: 从“double”转换到“int”，可能丢失数据
d:\bdi5\bdi5\源.cpp(1028): warning C4244: “参数”: 从“double”转换到“int”，可能丢失数据
d:\bdi5\bdi5\源.cpp(1031): warning C4244: “参数”: 从“double”转换到“int”，可能丢失数据
d:\bdi5\bdi5\源.cpp(1034): warning C4244: “参数”: 从“double”转换到“int”，可能丢失数据
d:\bdi5\bdi5\源.cpp(1049): warning C4244: “*=”: 从“double”转换到“int”，可能丢失数据
d:\bdi5\bdi5\源.cpp(1247): warning C4244: “参数”: 从“double”转换到“int”，可能丢失数据
d:\bdi5\bdi5\源.cpp(1249): warning C4244: “参数”: 从“double”转换到“int”，可能丢失数据
d:\bdi5\bdi5\源.cpp(1250): warning C4244: “参数”: 从“double”转换到“int”，可能丢失数据
d:\bdi5\bdi5\源.cpp(1259): warning C4244: “参数”: 从“double”转换到“int”，可能丢失数据
d:\bdi5\bdi5\源.cpp(1265): warning C4244: “参数”: 从“double”转换到“int”，可能丢失数据
d:\bdi5\bdi5\源.cpp(1268): warning C4244: “参数”: 从“double”转换到“int”，可能丢失数据
d:\bdi5\bdi5\源.cpp(1270): warning C4244: “参数”: 从“double”转换到“int”，可能丢失数据
d:\bdi5\bdi5\源.cpp(1276): warning C4244: “参数”: 从“double”转换到“int”，可能丢失数据
d:\bdi5\bdi5\源.cpp(1279): warning C4244: “参数”: 从“double”转换到“int”，可能丢失数据
d:\bdi5\bdi5\源.cpp(1285): warning C4244: “参数”: 从“double”转换到“int”，可能丢失数据
d:\bdi5\bdi5\源.cpp(1288): warning C4244: “参数”: 从“double”转换到“int”，可能丢失数据
d:\bdi5\bdi5\源.cpp(1290): warning C4244: “参数”: 从“double”转换到“int”，可能丢失数据
d:\bdi5\bdi5\源.cpp(1291): warning C4244: “参数”: 从“double”转换到“int”，可能丢失数据
d:\bdi5\bdi5\源.cpp(1300): warning C4244: “参数”: 从“double”转换到“int”，可能丢失数据
d:\bdi5\bdi5\源.cpp(1303): warning C4244: “参数”: 从“double”转换到“int”，可能丢失数据
d:\bdi5\bdi5\源.cpp(1309): warning C4244: “参数”: 从“double”转换到“int”，可能丢失数据
d:\bdi5\bdi5\源.cpp(1312): warning C4244: “参数”: 从“double”转换到“int”，可能丢失数据
d:\bdi5\bdi5\源.cpp(1314): warning C4244: “参数”: 从“double”转换到“int”，可能丢失数据
d:\bdi5\bdi5\源.cpp(1320): warning C4244: “参数”: 从“double”转换到“int”，可能丢失数据
d:\bdi5\bdi5\源.cpp(1323): warning C4244: “参数”: 从“double”转换到“int”，可能丢失数据
d:\bdi5\bdi5\源.cpp(1326): warning C4244: “参数”: 从“double”转换到“int”，可能丢失数据
d:\bdi5\bdi5\源.cpp(1332): warning C4244: “参数”: 从“double”转换到“int”，可能丢失数据
d:\bdi5\bdi5\源.cpp(1335): warning C4244: “参数”: 从“double”转换到“int”，可能丢失数据
d:\bdi5\bdi5\源.cpp(1337): warning C4244: “参数”: 从“double”转换到“int”，可能丢失数据
d:\bdi5\bdi5\源.cpp(1338): warning C4244: “参数”: 从“double”转换到“int”，可能丢失数据
d:\bdi5\bdi5\源.cpp(1347): warning C4244: “参数”: 从“double”转换到“int”，可能丢失数据
d:\bdi5\bdi5\源.cpp(1350): warning C4244: “参数”: 从“double”转换到“int”，可能丢失数据
d:\bdi5\bdi5\源.cpp(1356): warning C4244: “参数”: 从“double”转换到“int”，可能丢失数据
d:\bdi5\bdi5\源.cpp(1359): warning C4244: “参数”: 从“double”转换到“int”，可能丢失数据
d:\bdi5\bdi5\源.cpp(1361): warning C4244: “参数”: 从“double”转换到“int”，可能丢失数据
d:\bdi5\bdi5\源.cpp(1367): warning C4244: “参数”: 从“double”转换到“int”，可能丢失数据
d:\bdi5\bdi5\源.cpp(1370): warning C4244: “参数”: 从“double”转换到“int”，可能丢失数据
d:\bdi5\bdi5\源.cpp(1373): warning C4244: “参数”: 从“double”转换到“int”，可能丢失数据
d:\bdi5\bdi5\源.cpp(1379): warning C4244: “参数”: 从“double”转换到“int”，可能丢失数据
d:\bdi5\bdi5\源.cpp(1382): warning C4244: “参数”: 从“double”转换到“int”，可能丢失数据
d:\bdi5\bdi5\源.cpp(1384): warning C4244: “参数”: 从“double”转换到“int”，可能丢失数据
d:\bdi5\bdi5\源.cpp(1385): warning C4244: “参数”: 从“double”转换到“int”，可能丢失数据
d:\bdi5\bdi5\源.cpp(1394): warning C4244: “参数”: 从“double”转换到“int”，可能丢失数据
d:\bdi5\bdi5\源.cpp(1397): warning C4244: “参数”: 从“double”转换到“int”，可能丢失数据
d:\bdi5\bdi5\源.cpp(1403): warning C4244: “参数”: 从“double”转换到“int”，可能丢失数据
d:\bdi5\bdi5\源.cpp(1406): warning C4244: “参数”: 从“double”转换到“int”，可能丢失数据
d:\bdi5\bdi5\源.cpp(1408): warning C4244: “参数”: 从“double”转换到“int”，可能丢失数据
d:\bdi5\bdi5\源.cpp(1414): warning C4244: “参数”: 从“double”转换到“int”，可能丢失数据
d:\bdi5\bdi5\源.cpp(1417): warning C4244: “参数”: 从“double”转换到“int”，可能丢失数据
d:\bdi5\bdi5\源.cpp(1420): warning C4244: “参数”: 从“double”转换到“int”，可能丢失数据
d:\bdi5\bdi5\源.cpp(1426): warning C4244: “参数”: 从“double”转换到“int”，可能丢失数据
d:\bdi5\bdi5\源.cpp(1429): warning C4244: “参数”: 从“double”转换到“int”，可能丢失数据
d:\bdi5\bdi5\源.cpp(1431): warning C4244: “参数”: 从“double”转换到“int”，可能丢失数据
d:\bdi5\bdi5\源.cpp(1432): warning C4244: “参数”: 从“double”转换到“int”，可能丢失数据
d:\bdi5\bdi5\源.cpp(1441): warning C4244: “参数”: 从“double”转换到“int”，可能丢失数据
d:\bdi5\bdi5\源.cpp(1444): warning C4244: “参数”: 从“double”转换到“int”，可能丢失数据
d:\bdi5\bdi5\源.cpp(1450): warning C4244: “参数”: 从“double”转换到“int”，可能丢失数据
d:\bdi5\bdi5\源.cpp(1453): warning C4244: “参数”: 从“double”转换到“int”，可能丢失数据
d:\bdi5\bdi5\源.cpp(1455): warning C4244: “参数”: 从“double”转换到“int”，可能丢失数据
d:\bdi5\bdi5\源.cpp(1456): warning C4244: “参数”: 从“double”转换到“int”，可能丢失数据
d:\bdi5\bdi5\源.cpp(1465): warning C4244: “参数”: 从“double”转换到“int”，可能丢失数据
d:\bdi5\bdi5\源.cpp(1471): warning C4244: “参数”: 从“double”转换到“int”，可能丢失数据
d:\bdi5\bdi5\源.cpp(1474): warning C4244: “参数”: 从“double”转换到“int”，可能丢失数据
d:\bdi5\bdi5\源.cpp(1476): warning C4244: “参数”: 从“double”转换到“int”，可能丢失数据
d:\bdi5\bdi5\源.cpp(1482): warning C4244: “参数”: 从“double”转换到“int”，可能丢失数据
d:\bdi5\bdi5\源.cpp(1485): warning C4244: “参数”: 从“double”转换到“int”，可能丢失数据
d:\bdi5\bdi5\源.cpp(1488): warning C4244: “参数”: 从“double”转换到“int”，可能丢失数据
d:\bdi5\bdi5\源.cpp(1494): warning C4244: “参数”: 从“double”转换到“int”，可能丢失数据
d:\bdi5\bdi5\源.cpp(1497): warning C4244: “参数”: 从“double”转换到“int”，可能丢失数据
d:\bdi5\bdi5\源.cpp(1499): warning C4244: “参数”: 从“double”转换到“int”，可能丢失数据
d:\bdi5\bdi5\源.cpp(1505): warning C4244: “参数”: 从“double”转换到“int”，可能丢失数据
d:\bdi5\bdi5\源.cpp(1508): warning C4244: “参数”: 从“double”转换到“int”，可能丢失数据
d:\bdi5\bdi5\源.cpp(1511): warning C4244: “参数”: 从“double”转换到“int”，可能丢失数据
d:\bdi5\bdi5\源.cpp(1517): warning C4244: “参数”: 从“double”转换到“int”，可能丢失数据
d:\bdi5\bdi5\源.cpp(1520): warning C4244: “参数”: 从“double”转换到“int”，可能丢失数据
d:\bdi5\bdi5\源.cpp(1522): warning C4244: “参数”: 从“double”转换到“int”，可能丢失数据
d:\bdi5\bdi5\源.cpp(1523): warning C4244: “参数”: 从“double”转换到“int”，可能丢失数据
d:\bdi5\bdi5\源.cpp(1532): warning C4244: “参数”: 从“double”转换到“int”，可能丢失数据
d:\bdi5\bdi5\源.cpp(1538): warning C4244: “参数”: 从“double”转换到“int”，可能丢失数据
d:\bdi5\bdi5\源.cpp(1541): warning C4244: “参数”: 从“double”转换到“int”，可能丢失数据
d:\bdi5\bdi5\源.cpp(1543): warning C4244: “参数”: 从“double”转换到“int”，可能丢失数据
d:\bdi5\bdi5\源.cpp(1549): warning C4244: “参数”: 从“double”转换到“int”，可能丢失数据
d:\bdi5\bdi5\源.cpp(1552): warning C4244: “参数”: 从“double”转换到“int”，可能丢失数据
d:\bdi5\bdi5\源.cpp(1555): warning C4244: “参数”: 从“double”转换到“int”，可能丢失数据
d:\bdi5\bdi5\源.cpp(1561): warning C4244: “参数”: 从“double”转换到“int”，可能丢失数据
d:\bdi5\bdi5\源.cpp(1564): warning C4244: “参数”: 从“double”转换到“int”，可能丢失数据
d:\bdi5\bdi5\源.cpp(1566): warning C4244: “参数”: 从“double”转换到“int”，可能丢失数据
d:\bdi5\bdi5\源.cpp(1567): warning C4244: “参数”: 从“double”转换到“int”，可能丢失数据
d:\bdi5\bdi5\源.cpp(1576): warning C4244: “参数”: 从“double”转换到“int”，可能丢失数据
d:\bdi5\bdi5\源.cpp(1582): warning C4244: “参数”: 从“double”转换到“int”，可能丢失数据
d:\bdi5\bdi5\源.cpp(1585): warning C4244: “参数”: 从“double”转换到“int”，可能丢失数据
d:\bdi5\bdi5\源.cpp(1587): warning C4244: “参数”: 从“double”转换到“int”，可能丢失数据
d:\bdi5\bdi5\源.cpp(1593): warning C4244: “参数”: 从“double”转换到“int”，可能丢失数据
d:\bdi5\bdi5\源.cpp(1596): warning C4244: “参数”: 从“double”转换到“int”，可能丢失数据
d:\bdi5\bdi5\源.cpp(1599): warning C4244: “参数”: 从“double”转换到“int”，可能丢失数据
d:\bdi5\bdi5\源.cpp(1605): warning C4244: “参数”: 从“double”转换到“int”，可能丢失数据
d:\bdi5\bdi5\源.cpp(1608): warning C4244: “参数”: 从“double”转换到“int”，可能丢失数据
d:\bdi5\bdi5\源.cpp(1610): warning C4244: “参数”: 从“double”转换到“int”，可能丢失数据
d:\bdi5\bdi5\源.cpp(1616): warning C4244: “参数”: 从“double”转换到“int”，可能丢失数据
d:\bdi5\bdi5\源.cpp(1619): warning C4244: “参数”: 从“double”转换到“int”，可能丢失数据
d:\bdi5\bdi5\源.cpp(1622): warning C4244: “参数”: 从“double”转换到“int”，可能丢失数据
d:\bdi5\bdi5\源.cpp(1628): warning C4244: “参数”: 从“double”转换到“int”，可能丢失数据
d:\bdi5\bdi5\源.cpp(1631): warning C4244: “参数”: 从“double”转换到“int”，可能丢失数据
d:\bdi5\bdi5\源.cpp(1633): warning C4244: “参数”: 从“double”转换到“int”，可能丢失数据
d:\bdi5\bdi5\源.cpp(1639): warning C4244: “参数”: 从“double”转换到“int”，可能丢失数据
d:\bdi5\bdi5\源.cpp(1642): warning C4244: “参数”: 从“double”转换到“int”，可能丢失数据
d:\bdi5\bdi5\源.cpp(1645): warning C4244: “参数”: 从“double”转换到“int”，可能丢失数据
d:\bdi5\bdi5\源.cpp(1651): warning C4244: “参数”: 从“double”转换到“int”，可能丢失数据
d:\bdi5\bdi5\源.cpp(1654): warning C4244: “参数”: 从“double”转换到“int”，可能丢失数据
d:\bdi5\bdi5\源.cpp(1656): warning C4244: “参数”: 从“double”转换到“int”，可能丢失数据
d:\bdi5\bdi5\源.cpp(1662): warning C4244: “参数”: 从“double”转换到“int”，可能丢失数据
d:\bdi5\bdi5\源.cpp(1665): warning C4244: “参数”: 从“double”转换到“int”，可能丢失数据
d:\bdi5\bdi5\源.cpp(1668): warning C4244: “参数”: 从“double”转换到“int”，可能丢失数据
d:\bdi5\bdi5\源.cpp(1674): warning C4244: “参数”: 从“double”转换到“int”，可能丢失数据
d:\bdi5\bdi5\源.cpp(1677): warning C4244: “参数”: 从“double”转换到“int”，可能丢失数据
d:\bdi5\bdi5\源.cpp(1679): warning C4244: “参数”: 从“double”转换到“int”，可能丢失数据
d:\bdi5\bdi5\源.cpp(1680): warning C4244: “参数”: 从“double”转换到“int”，可能丢失数据
d:\bdi5\bdi5\源.cpp(1689): warning C4244: “参数”: 从“double”转换到“int”，可能丢失数据
d:\bdi5\bdi5\源.cpp(1692): warning C4244: “参数”: 从“double”转换到“int”，可能丢失数据
d:\bdi5\bdi5\源.cpp(1698): warning C4244: “参数”: 从“double”转换到“int”，可能丢失数据
d:\bdi5\bdi5\源.cpp(1701): warning C4244: “参数”: 从“double”转换到“int”，可能丢失数据
d:\bdi5\bdi5\源.cpp(1703): warning C4244: “参数”: 从“double”转换到“int”，可能丢失数据
d:\bdi5\bdi5\源.cpp(1709): warning C4244: “参数”: 从“double”转换到“int”，可能丢失数据
d:\bdi5\bdi5\源.cpp(1712): warning C4244: “参数”: 从“double”转换到“int”，可能丢失数据
d:\bdi5\bdi5\源.cpp(1715): warning C4244: “参数”: 从“double”转换到“int”，可能丢失数据
d:\bdi5\bdi5\源.cpp(1721): warning C4244: “参数”: 从“double”转换到“int”，可能丢失数据
d:\bdi5\bdi5\源.cpp(1724): warning C4244: “参数”: 从“double”转换到“int”，可能丢失数据
d:\bdi5\bdi5\源.cpp(1726): warning C4244: “参数”: 从“double”转换到“int”，可能丢失数据
d:\bdi5\bdi5\源.cpp(1732): warning C4244: “参数”: 从“double”转换到“int”，可能丢失数据
d:\bdi5\bdi5\源.cpp(1735): warning C4244: “参数”: 从“double”转换到“int”，可能丢失数据
d:\bdi5\bdi5\源.cpp(1738): warning C4244: “参数”: 从“double”转换到“int”，可能丢失数据
d:\bdi5\bdi5\源.cpp(1744): warning C4244: “参数”: 从“double”转换到“int”，可能丢失数据
d:\bdi5\bdi5\源.cpp(1747): warning C4244: “参数”: 从“double”转换到“int”，可能丢失数据
d:\bdi5\bdi5\源.cpp(1749): warning C4244: “参数”: 从“double”转换到“int”，可能丢失数据
d:\bdi5\bdi5\源.cpp(1755): warning C4244: “参数”: 从“double”转换到“int”，可能丢失数据
d:\bdi5\bdi5\源.cpp(1758): warning C4244: “参数”: 从“double”转换到“int”，可能丢失数据
d:\bdi5\bdi5\源.cpp(1761): warning C4244: “参数”: 从“double”转换到“int”，可能丢失数据
d:\bdi5\bdi5\源.cpp(1767): warning C4244: “参数”: 从“double”转换到“int”，可能丢失数据
d:\bdi5\bdi5\源.cpp(1770): warning C4244: “参数”: 从“double”转换到“int”，可能丢失数据
d:\bdi5\bdi5\源.cpp(1772): warning C4244: “参数”: 从“double”转换到“int”，可能丢失数据
d:\bdi5\bdi5\源.cpp(1778): warning C4244: “参数”: 从“double”转换到“int”，可能丢失数据
d:\bdi5\bdi5\源.cpp(1781): warning C4244: “参数”: 从“double”转换到“int”，可能丢失数据
d:\bdi5\bdi5\源.cpp(1784): warning C4244: “参数”: 从“double”转换到“int”，可能丢失数据
d:\bdi5\bdi5\源.cpp(1790): warning C4244: “参数”: 从“double”转换到“int”，可能丢失数据
d:\bdi5\bdi5\源.cpp(1793): warning C4244: “参数”: 从“double”转换到“int”，可能丢失数据
d:\bdi5\bdi5\源.cpp(1795): warning C4244: “参数”: 从“double”转换到“int”，可能丢失数据
d:\bdi5\bdi5\源.cpp(1801): warning C4244: “参数”: 从“double”转换到“int”，可能丢失数据
d:\bdi5\bdi5\源.cpp(1804): warning C4244: “参数”: 从“double”转换到“int”，可能丢失数据
d:\bdi5\bdi5\源.cpp(1810): warning C4244: “参数”: 从“double”转换到“int”，可能丢失数据
d:\bdi5\bdi5\源.cpp(1813): warning C4244: “参数”: 从“double”转换到“int”，可能丢失数据
d:\bdi5\bdi5\源.cpp(1815): warning C4244: “参数”: 从“double”转换到“int”，可能丢失数据
d:\bdi5\bdi5\源.cpp(1816): warning C4244: “参数”: 从“double”转换到“int”，可能丢失数据
d:\bdi5\bdi5\源.cpp(1825): warning C4244: “参数”: 从“double”转换到“int”，可能丢失数据
d:\bdi5\bdi5\源.cpp(1828): warning C4244: “参数”: 从“double”转换到“int”，可能丢失数据
d:\bdi5\bdi5\源.cpp(1834): warning C4244: “参数”: 从“double”转换到“int”，可能丢失数据
d:\bdi5\bdi5\源.cpp(1837): warning C4244: “参数”: 从“double”转换到“int”，可能丢失数据
d:\bdi5\bdi5\源.cpp(1839): warning C4244: “参数”: 从“double”转换到“int”，可能丢失数据
d:\bdi5\bdi5\源.cpp(1845): warning C4244: “参数”: 从“double”转换到“int”，可能丢失数据
d:\bdi5\bdi5\源.cpp(1848): warning C4244: “参数”: 从“double”转换到“int”，可能丢失数据
d:\bdi5\bdi5\源.cpp(1851): warning C4244: “参数”: 从“double”转换到“int”，可能丢失数据
d:\bdi5\bdi5\源.cpp(1857): warning C4244: “参数”: 从“double”转换到“int”，可能丢失数据
d:\bdi5\bdi5\源.cpp(1863): warning C4244: “参数”: 从“double”转换到“int”，可能丢失数据
d:\bdi5\bdi5\源.cpp(1865): warning C4244: “参数”: 从“double”转换到“int”，可能丢失数据
d:\bdi5\bdi5\源.cpp(1871): warning C4244: “参数”: 从“double”转换到“int”，可能丢失数据
d:\bdi5\bdi5\源.cpp(1874): warning C4244: “参数”: 从“double”转换到“int”，可能丢失数据
d:\bdi5\bdi5\源.cpp(1880): warning C4244: “参数”: 从“double”转换到“int”，可能丢失数据
d:\bdi5\bdi5\源.cpp(1883): warning C4244: “参数”: 从“double”转换到“int”，可能丢失数据
d:\bdi5\bdi5\源.cpp(1885): warning C4244: “参数”: 从“double”转换到“int”，可能丢失数据
d:\bdi5\bdi5\源.cpp(1891): warning C4244: “参数”: 从“double”转换到“int”，可能丢失数据
d:\bdi5\bdi5\源.cpp(1894): warning C4244: “参数”: 从“double”转换到“int”，可能丢失数据
d:\bdi5\bdi5\源.cpp(1900): warning C4244: “参数”: 从“double”转换到“int”，可能丢失数据
d:\bdi5\bdi5\源.cpp(1922): warning C4244: “参数”: 从“double”转换到“int”，可能丢失数据
d:\bdi5\bdi5\源.cpp(1924): warning C4244: “参数”: 从“double”转换到“int”，可能丢失数据
d:\bdi5\bdi5\源.cpp(1925): warning C4244: “参数”: 从“double”转换到“int”，可能丢失数据
d:\bdi5\bdi5\源.cpp(1934): warning C4244: “参数”: 从“double”转换到“int”，可能丢失数据
d:\bdi5\bdi5\源.cpp(1937): warning C4244: “参数”: 从“double”转换到“int”，可能丢失数据
d:\bdi5\bdi5\源.cpp(1943): warning C4244: “参数”: 从“double”转换到“int”，可能丢失数据
d:\bdi5\bdi5\源.cpp(1946): warning C4244: “参数”: 从“double”转换到“int”，可能丢失数据
d:\bdi5\bdi5\源.cpp(1948): warning C4244: “参数”: 从“double”转换到“int”，可能丢失数据
d:\bdi5\bdi5\源.cpp(1954): warning C4244: “参数”: 从“double”转换到“int”，可能丢失数据
d:\bdi5\bdi5\源.cpp(1957): warning C4244: “参数”: 从“double”转换到“int”，可能丢失数据
d:\bdi5\bdi5\源.cpp(1960): warning C4244: “参数”: 从“double”转换到“int”，可能丢失数据
d:\bdi5\bdi5\源.cpp(1966): warning C4244: “参数”: 从“double”转换到“int”，可能丢失数据
d:\bdi5\bdi5\源.cpp(1969): warning C4244: “参数”: 从“double”转换到“int”，可能丢失数据
d:\bdi5\bdi5\源.cpp(1971): warning C4244: “参数”: 从“double”转换到“int”，可能丢失数据
d:\bdi5\bdi5\源.cpp(1977): warning C4244: “参数”: 从“double”转换到“int”，可能丢失数据
d:\bdi5\bdi5\源.cpp(1980): warning C4244: “参数”: 从“double”转换到“int”，可能丢失数据
d:\bdi5\bdi5\源.cpp(1983): warning C4244: “参数”: 从“double”转换到“int”，可能丢失数据
d:\bdi5\bdi5\源.cpp(1989): warning C4244: “参数”: 从“double”转换到“int”，可能丢失数据
d:\bdi5\bdi5\源.cpp(1992): warning C4244: “参数”: 从“double”转换到“int”，可能丢失数据
d:\bdi5\bdi5\源.cpp(1994): warning C4244: “参数”: 从“double”转换到“int”，可能丢失数据
d:\bdi5\bdi5\源.cpp(2000): warning C4244: “参数”: 从“double”转换到“int”，可能丢失数据
d:\bdi5\bdi5\源.cpp(2003): warning C4244: “参数”: 从“double”转换到“int”，可能丢失数据
d:\bdi5\bdi5\源.cpp(2006): warning C4244: “参数”: 从“double”转换到“int”，可能丢失数据
d:\bdi5\bdi5\源.cpp(2012): warning C4244: “参数”: 从“double”转换到“int”，可能丢失数据
d:\bdi5\bdi5\源.cpp(2015): warning C4244: “参数”: 从“double”转换到“int”，可能丢失数据
d:\bdi5\bdi5\源.cpp(2017): warning C4244: “参数”: 从“double”转换到“int”，可能丢失数据
d:\bdi5\bdi5\源.cpp(2023): warning C4244: “参数”: 从“double”转换到“int”，可能丢失数据
d:\bdi5\bdi5\源.cpp(2026): warning C4244: “参数”: 从“double”转换到“int”，可能丢失数据
d:\bdi5\bdi5\源.cpp(2029): warning C4244: “参数”: 从“double”转换到“int”，可能丢失数据
d:\bdi5\bdi5\源.cpp(2035): warning C4244: “参数”: 从“double”转换到“int”，可能丢失数据
d:\bdi5\bdi5\源.cpp(2038): warning C4244: “参数”: 从“double”转换到“int”，可能丢失数据
d:\bdi5\bdi5\源.cpp(2040): warning C4244: “参数”: 从“double”转换到“int”，可能丢失数据
d:\bdi5\bdi5\源.cpp(2046): warning C4244: “参数”: 从“double”转换到“int”，可能丢失数据
d:\bdi5\bdi5\源.cpp(2049): warning C4244: “参数”: 从“double”转换到“int”，可能丢失数据
d:\bdi5\bdi5\源.cpp(2052): warning C4244: “参数”: 从“double”转换到“int”，可能丢失数据
d:\bdi5\bdi5\源.cpp(2058): warning C4244: “参数”: 从“double”转换到“int”，可能丢失数据
d:\bdi5\bdi5\源.cpp(2063): warning C4244: “*=”: 从“double”转换到“int”，可能丢失数据
d:\bdi5\bdi5\源.cpp(2064): warning C4244: “*=”: 从“double”转换到“int”，可能丢失数据
d:\bdi5\bdi5\源.cpp(2065): warning C4244: “*=”: 从“double”转换到“int”，可能丢失数据
d:\bdi5\bdi5\源.cpp(2085): warning C4244: “参数”: 从“double”转换到“int”，可能丢失数据
d:\bdi5\bdi5\源.cpp(2087): warning C4244: “参数”: 从“double”转换到“int”，可能丢失数据
d:\bdi5\bdi5\源.cpp(2093): warning C4244: “参数”: 从“double”转换到“int”，可能丢失数据
d:\bdi5\bdi5\源.cpp(2097): warning C4244: “参数”: 从“double”转换到“int”，可能丢失数据
d:\bdi5\bdi5\源.cpp(2100): warning C4244: “参数”: 从“double”转换到“int”，可能丢失数据
d:\bdi5\bdi5\源.cpp(2103): warning C4244: “参数”: 从“double”转换到“int”，可能丢失数据
d:\bdi5\bdi5\源.cpp(2106): warning C4244: “参数”: 从“double”转换到“int”，可能丢失数据
d:\bdi5\bdi5\源.cpp(2109): warning C4244: “参数”: 从“double”转换到“int”，可能丢失数据
d:\bdi5\bdi5\源.cpp(2112): warning C4244: “参数”: 从“double”转换到“int”，可能丢失数据
d:\bdi5\bdi5\源.cpp(2115): warning C4244: “参数”: 从“double”转换到“int”，可能丢失数据
d:\bdi5\bdi5\源.cpp(2118): warning C4244: “参数”: 从“double”转换到“int”，可能丢失数据
d:\bdi5\bdi5\源.cpp(2124): warning C4244: “参数”: 从“double”转换到“int”，可能丢失数据
d:\bdi5\bdi5\源.cpp(2152): warning C4244: “参数”: 从“double”转换到“int”，可能丢失数据
d:\bdi5\bdi5\源.cpp(2154): warning C4244: “参数”: 从“double”转换到“int”，可能丢失数据
d:\bdi5\bdi5\源.cpp(2155): warning C4244: “参数”: 从“double”转换到“int”，可能丢失数据
d:\bdi5\bdi5\源.cpp(2164): warning C4244: “参数”: 从“double”转换到“int”，可能丢失数据
d:\bdi5\bdi5\源.cpp(2170): warning C4244: “参数”: 从“double”转换到“int”，可能丢失数据
d:\bdi5\bdi5\源.cpp(2173): warning C4244: “参数”: 从“double”转换到“int”，可能丢失数据
d:\bdi5\bdi5\源.cpp(2175): warning C4244: “参数”: 从“double”转换到“int”，可能丢失数据
d:\bdi5\bdi5\源.cpp(2181): warning C4244: “参数”: 从“double”转换到“int”，可能丢失数据
d:\bdi5\bdi5\源.cpp(2184): warning C4244: “参数”: 从“double”转换到“int”，可能丢失数据
d:\bdi5\bdi5\源.cpp(2187): warning C4244: “参数”: 从“double”转换到“int”，可能丢失数据
d:\bdi5\bdi5\源.cpp(2193): warning C4244: “参数”: 从“double”转换到“int”，可能丢失数据
d:\bdi5\bdi5\源.cpp(2196): warning C4244: “参数”: 从“double”转换到“int”，可能丢失数据
d:\bdi5\bdi5\源.cpp(2198): warning C4244: “参数”: 从“double”转换到“int”，可能丢失数据
d:\bdi5\bdi5\源.cpp(2204): warning C4244: “参数”: 从“double”转换到“int”，可能丢失数据
d:\bdi5\bdi5\源.cpp(2207): warning C4244: “参数”: 从“double”转换到“int”，可能丢失数据
d:\bdi5\bdi5\源.cpp(2210): warning C4244: “参数”: 从“double”转换到“int”，可能丢失数据
d:\bdi5\bdi5\源.cpp(2216): warning C4244: “参数”: 从“double”转换到“int”，可能丢失数据
d:\bdi5\bdi5\源.cpp(2219): warning C4244: “参数”: 从“double”转换到“int”，可能丢失数据
d:\bdi5\bdi5\源.cpp(2221): warning C4244: “参数”: 从“double”转换到“int”，可能丢失数据
d:\bdi5\bdi5\源.cpp(2222): warning C4244: “参数”: 从“double”转换到“int”，可能丢失数据
d:\bdi5\bdi5\源.cpp(2231): warning C4244: “参数”: 从“double”转换到“int”，可能丢失数据
d:\bdi5\bdi5\源.cpp(2234): warning C4244: “参数”: 从“double”转换到“int”，可能丢失数据
d:\bdi5\bdi5\源.cpp(2240): warning C4244: “参数”: 从“double”转换到“int”，可能丢失数据
d:\bdi5\bdi5\源.cpp(2243): warning C4244: “参数”: 从“double”转换到“int”，可能丢失数据
d:\bdi5\bdi5\源.cpp(2245): warning C4244: “参数”: 从“double”转换到“int”，可能丢失数据
d:\bdi5\bdi5\源.cpp(2251): warning C4244: “参数”: 从“double”转换到“int”，可能丢失数据
d:\bdi5\bdi5\源.cpp(2254): warning C4244: “参数”: 从“double”转换到“int”，可能丢失数据
d:\bdi5\bdi5\源.cpp(2257): warning C4244: “参数”: 从“double”转换到“int”，可能丢失数据
d:\bdi5\bdi5\源.cpp(2263): warning C4244: “参数”: 从“double”转换到“int”，可能丢失数据
d:\bdi5\bdi5\源.cpp(2266): warning C4244: “参数”: 从“double”转换到“int”，可能丢失数据
d:\bdi5\bdi5\源.cpp(2268): warning C4244: “参数”: 从“double”转换到“int”，可能丢失数据
d:\bdi5\bdi5\源.cpp(2274): warning C4244: “参数”: 从“double”转换到“int”，可能丢失数据
d:\bdi5\bdi5\源.cpp(2277): warning C4244: “参数”: 从“double”转换到“int”，可能丢失数据
d:\bdi5\bdi5\源.cpp(2280): warning C4244: “参数”: 从“double”转换到“int”，可能丢失数据
d:\bdi5\bdi5\源.cpp(2286): warning C4244: “参数”: 从“double”转换到“int”，可能丢失数据
d:\bdi5\bdi5\源.cpp(2289): warning C4244: “参数”: 从“double”转换到“int”，可能丢失数据
d:\bdi5\bdi5\源.cpp(2291): warning C4244: “参数”: 从“double”转换到“int”，可能丢失数据
d:\bdi5\bdi5\源.cpp(2297): warning C4244: “参数”: 从“double”转换到“int”，可能丢失数据
d:\bdi5\bdi5\源.cpp(2300): warning C4244: “参数”: 从“double”转换到“int”，可能丢失数据
d:\bdi5\bdi5\源.cpp(2306): warning C4244: “参数”: 从“double”转换到“int”，可能丢失数据
d:\bdi5\bdi5\源.cpp(2327): warning C4244: “参数”: 从“double”转换到“int”，可能丢失数据
d:\bdi5\bdi5\源.cpp(2329): warning C4244: “参数”: 从“double”转换到“int”，可能丢失数据
d:\bdi5\bdi5\源.cpp(2335): warning C4244: “参数”: 从“double”转换到“int”，可能丢失数据
d:\bdi5\bdi5\源.cpp(2338): warning C4244: “参数”: 从“double”转换到“int”，可能丢失数据
d:\bdi5\bdi5\源.cpp(2341): warning C4244: “参数”: 从“double”转换到“int”，可能丢失数据
d:\bdi5\bdi5\源.cpp(2347): warning C4244: “参数”: 从“double”转换到“int”，可能丢失数据
d:\bdi5\bdi5\源.cpp(2350): warning C4244: “参数”: 从“double”转换到“int”，可能丢失数据
d:\bdi5\bdi5\源.cpp(2352): warning C4244: “参数”: 从“double”转换到“int”，可能丢失数据
d:\bdi5\bdi5\源.cpp(2358): warning C4244: “参数”: 从“double”转换到“int”，可能丢失数据
d:\bdi5\bdi5\源.cpp(2361): warning C4244: “参数”: 从“double”转换到“int”，可能丢失数据
d:\bdi5\bdi5\源.cpp(2364): warning C4244: “参数”: 从“double”转换到“int”，可能丢失数据
d:\bdi5\bdi5\源.cpp(2370): warning C4244: “参数”: 从“double”转换到“int”，可能丢失数据
d:\bdi5\bdi5\源.cpp(2373): warning C4244: “参数”: 从“double”转换到“int”，可能丢失数据
d:\bdi5\bdi5\源.cpp(2375): warning C4244: “参数”: 从“double”转换到“int”，可能丢失数据
d:\bdi5\bdi5\源.cpp(2381): warning C4244: “参数”: 从“double”转换到“int”，可能丢失数据
d:\bdi5\bdi5\源.cpp(2384): warning C4244: “参数”: 从“double”转换到“int”，可能丢失数据
d:\bdi5\bdi5\源.cpp(2387): warning C4244: “参数”: 从“double”转换到“int”，可能丢失数据
d:\bdi5\bdi5\源.cpp(2393): warning C4244: “参数”: 从“double”转换到“int”，可能丢失数据
d:\bdi5\bdi5\源.cpp(2403): warning C4244: “参数”: 从“double”转换到“int”，可能丢失数据
d:\bdi5\bdi5\源.cpp(2405): warning C4244: “参数”: 从“double”转换到“int”，可能丢失数据
d:\bdi5\bdi5\源.cpp(2406): warning C4244: “参数”: 从“double”转换到“int”，可能丢失数据
d:\bdi5\bdi5\源.cpp(2415): warning C4244: “参数”: 从“double”转换到“int”，可能丢失数据
d:\bdi5\bdi5\源.cpp(2424): warning C4244: “参数”: 从“double”转换到“int”，可能丢失数据
d:\bdi5\bdi5\源.cpp(2427): warning C4244: “参数”: 从“double”转换到“int”，可能丢失数据
d:\bdi5\bdi5\源.cpp(2429): warning C4244: “参数”: 从“double”转换到“int”，可能丢失数据
d:\bdi5\bdi5\源.cpp(2435): warning C4244: “参数”: 从“double”转换到“int”，可能丢失数据
d:\bdi5\bdi5\源.cpp(2438): warning C4244: “参数”: 从“double”转换到“int”，可能丢失数据
d:\bdi5\bdi5\源.cpp(2444): warning C4244: “参数”: 从“double”转换到“int”，可能丢失数据
d:\bdi5\bdi5\源.cpp(2473): warning C4244: “参数”: 从“double”转换到“int”，可能丢失数据
d:\bdi5\bdi5\源.cpp(2475): warning C4244: “参数”: 从“double”转换到“int”，可能丢失数据
d:\bdi5\bdi5\源.cpp(2476): warning C4244: “参数”: 从“double”转换到“int”，可能丢失数据
d:\bdi5\bdi5\源.cpp(2485): warning C4244: “参数”: 从“double”转换到“int”，可能丢失数据
d:\bdi5\bdi5\源.cpp(2491): warning C4244: “参数”: 从“double”转换到“int”，可能丢失数据
d:\bdi5\bdi5\源.cpp(2494): warning C4244: “参数”: 从“double”转换到“int”，可能丢失数据
d:\bdi5\bdi5\源.cpp(2496): warning C4244: “参数”: 从“double”转换到“int”，可能丢失数据
d:\bdi5\bdi5\源.cpp(2502): warning C4244: “参数”: 从“double”转换到“int”，可能丢失数据
d:\bdi5\bdi5\源.cpp(2505): warning C4244: “参数”: 从“double”转换到“int”，可能丢失数据
d:\bdi5\bdi5\源.cpp(2511): warning C4244: “参数”: 从“double”转换到“int”，可能丢失数据
d:\bdi5\bdi5\源.cpp(2514): warning C4244: “参数”: 从“double”转换到“int”，可能丢失数据
d:\bdi5\bdi5\源.cpp(2516): warning C4244: “参数”: 从“double”转换到“int”，可能丢失数据
d:\bdi5\bdi5\源.cpp(2522): warning C4244: “参数”: 从“double”转换到“int”，可能丢失数据
d:\bdi5\bdi5\源.cpp(2525): warning C4244: “参数”: 从“double”转换到“int”，可能丢失数据
d:\bdi5\bdi5\源.cpp(2528): warning C4244: “参数”: 从“double”转换到“int”，可能丢失数据
d:\bdi5\bdi5\源.cpp(2534): warning C4244: “参数”: 从“double”转换到“int”，可能丢失数据
d:\bdi5\bdi5\源.cpp(2537): warning C4244: “参数”: 从“double”转换到“int”，可能丢失数据
d:\bdi5\bdi5\源.cpp(2539): warning C4244: “参数”: 从“double”转换到“int”，可能丢失数据
d:\bdi5\bdi5\源.cpp(2540): warning C4244: “参数”: 从“double”转换到“int”，可能丢失数据
d:\bdi5\bdi5\源.cpp(2549): warning C4244: “参数”: 从“double”转换到“int”，可能丢失数据
d:\bdi5\bdi5\源.cpp(2555): warning C4244: “参数”: 从“double”转换到“int”，可能丢失数据
d:\bdi5\bdi5\源.cpp(2558): warning C4244: “参数”: 从“double”转换到“int”，可能丢失数据
d:\bdi5\bdi5\源.cpp(2560): warning C4244: “参数”: 从“double”转换到“int”，可能丢失数据
d:\bdi5\bdi5\源.cpp(2566): warning C4244: “参数”: 从“double”转换到“int”，可能丢失数据
d:\bdi5\bdi5\源.cpp(2569): warning C4244: “参数”: 从“double”转换到“int”，可能丢失数据
d:\bdi5\bdi5\源.cpp(2575): warning C4244: “参数”: 从“double”转换到“int”，可能丢失数据
d:\bdi5\bdi5\源.cpp(2578): warning C4244: “参数”: 从“double”转换到“int”，可能丢失数据
d:\bdi5\bdi5\源.cpp(2580): warning C4244: “参数”: 从“double”转换到“int”，可能丢失数据
d:\bdi5\bdi5\源.cpp(2586): warning C4244: “参数”: 从“double”转换到“int”，可能丢失数据
d:\bdi5\bdi5\源.cpp(2589): warning C4244: “参数”: 从“double”转换到“int”，可能丢失数据
d:\bdi5\bdi5\源.cpp(2592): warning C4244: “参数”: 从“double”转换到“int”，可能丢失数据
d:\bdi5\bdi5\源.cpp(2598): warning C4244: “参数”: 从“double”转换到“int”，可能丢失数据
d:\bdi5\bdi5\源.cpp(2601): warning C4244: “参数”: 从“double”转换到“int”，可能丢失数据
d:\bdi5\bdi5\源.cpp(2603): warning C4244: “参数”: 从“double”转换到“int”，可能丢失数据
d:\bdi5\bdi5\源.cpp(2609): warning C4244: “参数”: 从“double”转换到“int”，可能丢失数据
d:\bdi5\bdi5\源.cpp(2612): warning C4244: “参数”: 从“double”转换到“int”，可能丢失数据
d:\bdi5\bdi5\源.cpp(2618): warning C4244: “参数”: 从“double”转换到“int”，可能丢失数据
d:\bdi5\bdi5\源.cpp(2639): warning C4244: “参数”: 从“double”转换到“int”，可能丢失数据
d:\bdi5\bdi5\源.cpp(2641): warning C4244: “参数”: 从“double”转换到“int”，可能丢失数据
d:\bdi5\bdi5\源.cpp(2647): warning C4244: “参数”: 从“double”转换到“int”，可能丢失数据
d:\bdi5\bdi5\源.cpp(2650): warning C4244: “参数”: 从“double”转换到“int”，可能丢失数据
d:\bdi5\bdi5\源.cpp(2653): warning C4244: “参数”: 从“double”转换到“int”，可能丢失数据
d:\bdi5\bdi5\源.cpp(2659): warning C4244: “参数”: 从“double”转换到“int”，可能丢失数据
d:\bdi5\bdi5\源.cpp(2662): warning C4244: “参数”: 从“double”转换到“int”，可能丢失数据
d:\bdi5\bdi5\源.cpp(2664): warning C4244: “参数”: 从“double”转换到“int”，可能丢失数据
d:\bdi5\bdi5\源.cpp(2670): warning C4244: “参数”: 从“double”转换到“int”，可能丢失数据
d:\bdi5\bdi5\源.cpp(2673): warning C4244: “参数”: 从“double”转换到“int”，可能丢失数据
d:\bdi5\bdi5\源.cpp(2682): warning C4244: “参数”: 从“double”转换到“int”，可能丢失数据
d:\bdi5\bdi5\源.cpp(2685): warning C4244: “参数”: 从“double”转换到“int”，可能丢失数据
d:\bdi5\bdi5\源.cpp(2687): warning C4244: “参数”: 从“double”转换到“int”，可能丢失数据
d:\bdi5\bdi5\源.cpp(2688): warning C4244: “参数”: 从“double”转换到“int”，可能丢失数据
d:\bdi5\bdi5\源.cpp(2697): warning C4244: “参数”: 从“double”转换到“int”，可能丢失数据
d:\bdi5\bdi5\源.cpp(2703): warning C4244: “参数”: 从“double”转换到“int”，可能丢失数据
d:\bdi5\bdi5\源.cpp(2706): warning C4244: “参数”: 从“double”转换到“int”，可能丢失数据
d:\bdi5\bdi5\源.cpp(2708): warning C4244: “参数”: 从“double”转换到“int”，可能丢失数据
d:\bdi5\bdi5\源.cpp(2714): warning C4244: “参数”: 从“double”转换到“int”，可能丢失数据
d:\bdi5\bdi5\源.cpp(2717): warning C4244: “参数”: 从“double”转换到“int”，可能丢失数据
d:\bdi5\bdi5\源.cpp(2720): warning C4244: “参数”: 从“double”转换到“int”，可能丢失数据
d:\bdi5\bdi5\源.cpp(2726): warning C4244: “参数”: 从“double”转换到“int”，可能丢失数据
d:\bdi5\bdi5\源.cpp(2729): warning C4244: “参数”: 从“double”转换到“int”，可能丢失数据
d:\bdi5\bdi5\源.cpp(2731): warning C4244: “参数”: 从“double”转换到“int”，可能丢失数据
d:\bdi5\bdi5\源.cpp(2737): warning C4244: “参数”: 从“double”转换到“int”，可能丢失数据
d:\bdi5\bdi5\源.cpp(2740): warning C4244: “参数”: 从“double”转换到“int”，可能丢失数据
d:\bdi5\bdi5\源.cpp(2746): warning C4244: “参数”: 从“double”转换到“int”，可能丢失数据
d:\bdi5\bdi5\源.cpp(2749): warning C4244: “参数”: 从“double”转换到“int”，可能丢失数据
d:\bdi5\bdi5\源.cpp(2751): warning C4244: “参数”: 从“double”转换到“int”，可能丢失数据
d:\bdi5\bdi5\源.cpp(2757): warning C4244: “参数”: 从“double”转换到“int”，可能丢失数据
d:\bdi5\bdi5\源.cpp(2760): warning C4244: “参数”: 从“double”转换到“int”，可能丢失数据
d:\bdi5\bdi5\源.cpp(2766): warning C4244: “参数”: 从“double”转换到“int”，可能丢失数据
d:\bdi5\bdi5\源.cpp(2778): warning C4244: “参数”: 从“double”转换到“int”，可能丢失数据
d:\bdi5\bdi5\源.cpp(2780): warning C4244: “参数”: 从“double”转换到“int”，可能丢失数据
d:\bdi5\bdi5\源.cpp(2781): warning C4244: “参数”: 从“double”转换到“int”，可能丢失数据
d:\bdi5\bdi5\源.cpp(2790): warning C4244: “参数”: 从“double”转换到“int”，可能丢失数据
d:\bdi5\bdi5\源.cpp(2796): warning C4244: “参数”: 从“double”转换到“int”，可能丢失数据
d:\bdi5\bdi5\源.cpp(2800): warning C4244: “参数”: 从“double”转换到“int”，可能丢失数据
d:\bdi5\bdi5\源.cpp(2802): warning C4244: “参数”: 从“double”转换到“int”，可能丢失数据
d:\bdi5\bdi5\源.cpp(2808): warning C4244: “参数”: 从“double”转换到“int”，可能丢失数据
d:\bdi5\bdi5\源.cpp(2811): warning C4244: “参数”: 从“double”转换到“int”，可能丢失数据
d:\bdi5\bdi5\源.cpp(2817): warning C4244: “参数”: 从“double”转换到“int”，可能丢失数据
d:\bdi5\bdi5\源.cpp(2846): warning C4244: “参数”: 从“double”转换到“int”，可能丢失数据
d:\bdi5\bdi5\源.cpp(2848): warning C4244: “参数”: 从“double”转换到“int”，可能丢失数据
d:\bdi5\bdi5\源.cpp(2849): warning C4244: “参数”: 从“double”转换到“int”，可能丢失数据
d:\bdi5\bdi5\源.cpp(2858): warning C4244: “参数”: 从“double”转换到“int”，可能丢失数据
d:\bdi5\bdi5\源.cpp(2864): warning C4244: “参数”: 从“double”转换到“int”，可能丢失数据
d:\bdi5\bdi5\源.cpp(2867): warning C4244: “参数”: 从“double”转换到“int”，可能丢失数据
d:\bdi5\bdi5\源.cpp(2869): warning C4244: “参数”: 从“double”转换到“int”，可能丢失数据
d:\bdi5\bdi5\源.cpp(2875): warning C4244: “参数”: 从“double”转换到“int”，可能丢失数据
d:\bdi5\bdi5\源.cpp(2878): warning C4244: “参数”: 从“double”转换到“int”，可能丢失数据
d:\bdi5\bdi5\源.cpp(2881): warning C4244: “参数”: 从“double”转换到“int”，可能丢失数据
d:\bdi5\bdi5\源.cpp(2887): warning C4244: “参数”: 从“double”转换到“int”，可能丢失数据
d:\bdi5\bdi5\源.cpp(2890): warning C4244: “参数”: 从“double”转换到“int”，可能丢失数据
d:\bdi5\bdi5\源.cpp(2892): warning C4244: “参数”: 从“double”转换到“int”，可能丢失数据
d:\bdi5\bdi5\源.cpp(2898): warning C4244: “参数”: 从“double”转换到“int”，可能丢失数据
d:\bdi5\bdi5\源.cpp(2901): warning C4244: “参数”: 从“double”转换到“int”，可能丢失数据
d:\bdi5\bdi5\源.cpp(2904): warning C4244: “参数”: 从“double”转换到“int”，可能丢失数据
d:\bdi5\bdi5\源.cpp(2910): warning C4244: “参数”: 从“double”转换到“int”，可能丢失数据
d:\bdi5\bdi5\源.cpp(2913): warning C4244: “参数”: 从“double”转换到“int”，可能丢失数据
d:\bdi5\bdi5\源.cpp(2915): warning C4244: “参数”: 从“double”转换到“int”，可能丢失数据
d:\bdi5\bdi5\源.cpp(2921): warning C4244: “参数”: 从“double”转换到“int”，可能丢失数据
d:\bdi5\bdi5\源.cpp(2924): warning C4244: “参数”: 从“double”转换到“int”，可能丢失数据
d:\bdi5\bdi5\源.cpp(2930): warning C4244: “参数”: 从“double”转换到“int”，可能丢失数据
d:\bdi5\bdi5\源.cpp(2933): warning C4244: “参数”: 从“double”转换到“int”，可能丢失数据
d:\bdi5\bdi5\源.cpp(2935): warning C4244: “参数”: 从“double”转换到“int”，可能丢失数据
d:\bdi5\bdi5\源.cpp(2941): warning C4244: “参数”: 从“double”转换到“int”，可能丢失数据
d:\bdi5\bdi5\源.cpp(2944): warning C4244: “参数”: 从“double”转换到“int”，可能丢失数据
d:\bdi5\bdi5\源.cpp(2947): warning C4244: “参数”: 从“double”转换到“int”，可能丢失数据
d:\bdi5\bdi5\源.cpp(2953): warning C4244: “参数”: 从“double”转换到“int”，可能丢失数据
d:\bdi5\bdi5\源.cpp(2956): warning C4244: “参数”: 从“double”转换到“int”，可能丢失数据
d:\bdi5\bdi5\源.cpp(2958): warning C4244: “参数”: 从“double”转换到“int”，可能丢失数据
d:\bdi5\bdi5\源.cpp(2964): warning C4244: “参数”: 从“double”转换到“int”，可能丢失数据
d:\bdi5\bdi5\源.cpp(2967): warning C4244: “参数”: 从“double”转换到“int”，可能丢失数据
d:\bdi5\bdi5\源.cpp(2970): warning C4244: “参数”: 从“double”转换到“int”，可能丢失数据
d:\bdi5\bdi5\源.cpp(2976): warning C4244: “参数”: 从“double”转换到“int”，可能丢失数据
d:\bdi5\bdi5\源.cpp(2979): warning C4244: “参数”: 从“double”转换到“int”，可能丢失数据
d:\bdi5\bdi5\源.cpp(2981): warning C4244: “参数”: 从“double”转换到“int”，可能丢失数据
d:\bdi5\bdi5\源.cpp(2982): warning C4244: “参数”: 从“double”转换到“int”，可能丢失数据
d:\bdi5\bdi5\源.cpp(2991): warning C4244: “参数”: 从“double”转换到“int”，可能丢失数据
d:\bdi5\bdi5\源.cpp(2994): warning C4244: “参数”: 从“double”转换到“int”，可能丢失数据
d:\bdi5\bdi5\源.cpp(3000): warning C4244: “参数”: 从“double”转换到“int”，可能丢失数据
d:\bdi5\bdi5\源.cpp(3003): warning C4244: “参数”: 从“double”转换到“int”，可能丢失数据
d:\bdi5\bdi5\源.cpp(3005): warning C4244: “参数”: 从“double”转换到“int”，可能丢失数据
d:\bdi5\bdi5\源.cpp(3011): warning C4244: “参数”: 从“double”转换到“int”，可能丢失数据
d:\bdi5\bdi5\源.cpp(3014): warning C4244: “参数”: 从“double”转换到“int”，可能丢失数据
d:\bdi5\bdi5\源.cpp(3017): warning C4244: “参数”: 从“double”转换到“int”，可能丢失数据
d:\bdi5\bdi5\源.cpp(3023): warning C4244: “参数”: 从“double”转换到“int”，可能丢失数据
d:\bdi5\bdi5\源.cpp(3026): warning C4244: “参数”: 从“double”转换到“int”，可能丢失数据
d:\bdi5\bdi5\源.cpp(3028): warning C4244: “参数”: 从“double”转换到“int”，可能丢失数据
d:\bdi5\bdi5\源.cpp(3029): warning C4244: “参数”: 从“double”转换到“int”，可能丢失数据
d:\bdi5\bdi5\源.cpp(3038): warning C4244: “参数”: 从“double”转换到“int”，可能丢失数据
d:\bdi5\bdi5\源.cpp(3041): warning C4244: “参数”: 从“double”转换到“int”，可能丢失数据
d:\bdi5\bdi5\源.cpp(3047): warning C4244: “参数”: 从“double”转换到“int”，可能丢失数据
d:\bdi5\bdi5\源.cpp(3050): warning C4244: “参数”: 从“double”转换到“int”，可能丢失数据
d:\bdi5\bdi5\源.cpp(3052): warning C4244: “参数”: 从“double”转换到“int”，可能丢失数据
d:\bdi5\bdi5\源.cpp(3058): warning C4244: “参数”: 从“double”转换到“int”，可能丢失数据
d:\bdi5\bdi5\源.cpp(3061): warning C4244: “参数”: 从“double”转换到“int”，可能丢失数据
d:\bdi5\bdi5\源.cpp(3067): warning C4244: “参数”: 从“double”转换到“int”，可能丢失数据
d:\bdi5\bdi5\源.cpp(3070): warning C4244: “参数”: 从“double”转换到“int”，可能丢失数据
d:\bdi5\bdi5\源.cpp(3072): warning C4244: “参数”: 从“double”转换到“int”，可能丢失数据
d:\bdi5\bdi5\源.cpp(3073): warning C4244: “参数”: 从“double”转换到“int”，可能丢失数据
d:\bdi5\bdi5\源.cpp(3082): warning C4244: “参数”: 从“double”转换到“int”，可能丢失数据
d:\bdi5\bdi5\源.cpp(3085): warning C4244: “参数”: 从“double”转换到“int”，可能丢失数据
d:\bdi5\bdi5\源.cpp(3091): warning C4244: “参数”: 从“double”转换到“int”，可能丢失数据
d:\bdi5\bdi5\源.cpp(3094): warning C4244: “参数”: 从“double”转换到“int”，可能丢失数据
d:\bdi5\bdi5\源.cpp(3096): warning C4244: “参数”: 从“double”转换到“int”，可能丢失数据
d:\bdi5\bdi5\源.cpp(3102): warning C4244: “参数”: 从“double”转换到“int”，可能丢失数据
d:\bdi5\bdi5\源.cpp(3105): warning C4244: “参数”: 从“double”转换到“int”，可能丢失数据
d:\bdi5\bdi5\源.cpp(3108): warning C4244: “参数”: 从“double”转换到“int”，可能丢失数据
d:\bdi5\bdi5\源.cpp(3114): warning C4244: “参数”: 从“double”转换到“int”，可能丢失数据
d:\bdi5\bdi5\源.cpp(3117): warning C4244: “参数”: 从“double”转换到“int”，可能丢失数据
d:\bdi5\bdi5\源.cpp(3119): warning C4244: “参数”: 从“double”转换到“int”，可能丢失数据
d:\bdi5\bdi5\源.cpp(3125): warning C4244: “参数”: 从“double”转换到“int”，可能丢失数据
d:\bdi5\bdi5\源.cpp(3128): warning C4244: “参数”: 从“double”转换到“int”，可能丢失数据
d:\bdi5\bdi5\源.cpp(3131): warning C4244: “参数”: 从“double”转换到“int”，可能丢失数据
d:\bdi5\bdi5\源.cpp(3137): warning C4244: “参数”: 从“double”转换到“int”，可能丢失数据
d:\bdi5\bdi5\源.cpp(3140): warning C4244: “参数”: 从“double”转换到“int”，可能丢失数据
d:\bdi5\bdi5\源.cpp(3142): warning C4244: “参数”: 从“double”转换到“int”，可能丢失数据
d:\bdi5\bdi5\源.cpp(3143): warning C4244: “参数”: 从“double”转换到“int”，可能丢失数据
d:\bdi5\bdi5\源.cpp(3152): warning C4244: “参数”: 从“double”转换到“int”，可能丢失数据
d:\bdi5\bdi5\源.cpp(3155): warning C4244: “参数”: 从“double”转换到“int”，可能丢失数据
d:\bdi5\bdi5\源.cpp(3161): warning C4244: “参数”: 从“double”转换到“int”，可能丢失数据
d:\bdi5\bdi5\源.cpp(3164): warning C4244: “参数”: 从“double”转换到“int”，可能丢失数据
d:\bdi5\bdi5\源.cpp(3166): warning C4244: “参数”: 从“double”转换到“int”，可能丢失数据
d:\bdi5\bdi5\源.cpp(3172): warning C4244: “参数”: 从“double”转换到“int”，可能丢失数据
d:\bdi5\bdi5\源.cpp(3175): warning C4244: “参数”: 从“double”转换到“int”，可能丢失数据
d:\bdi5\bdi5\源.cpp(3178): warning C4244: “参数”: 从“double”转换到“int”，可能丢失数据
d:\bdi5\bdi5\源.cpp(3184): warning C4244: “参数”: 从“double”转换到“int”，可能丢失数据
d:\bdi5\bdi5\源.cpp(3187): warning C4244: “参数”: 从“double”转换到“int”，可能丢失数据
d:\bdi5\bdi5\源.cpp(3189): warning C4244: “参数”: 从“double”转换到“int”，可能丢失数据
d:\bdi5\bdi5\源.cpp(3195): warning C4244: “参数”: 从“double”转换到“int”，可能丢失数据
d:\bdi5\bdi5\源.cpp(3198): warning C4244: “参数”: 从“double”转换到“int”，可能丢失数据
d:\bdi5\bdi5\源.cpp(3201): warning C4244: “参数”: 从“double”转换到“int”，可能丢失数据
d:\bdi5\bdi5\源.cpp(3207): warning C4244: “参数”: 从“double”转换到“int”，可能丢失数据
d:\bdi5\bdi5\源.cpp(3223): warning C4244: “参数”: 从“double”转换到“int”，可能丢失数据
d:\bdi5\bdi5\源.cpp(3225): warning C4244: “参数”: 从“double”转换到“int”，可能丢失数据
d:\bdi5\bdi5\源.cpp(3226): warning C4244: “参数”: 从“double”转换到“int”，可能丢失数据
d:\bdi5\bdi5\源.cpp(3235): warning C4244: “参数”: 从“double”转换到“int”，可能丢失数据
d:\bdi5\bdi5\源.cpp(3241): warning C4244: “参数”: 从“double”转换到“int”，可能丢失数据
d:\bdi5\bdi5\源.cpp(3244): warning C4244: “参数”: 从“double”转换到“int”，可能丢失数据
d:\bdi5\bdi5\源.cpp(3246): warning C4244: “参数”: 从“double”转换到“int”，可能丢失数据
d:\bdi5\bdi5\源.cpp(3252): warning C4244: “参数”: 从“double”转换到“int”，可能丢失数据
d:\bdi5\bdi5\源.cpp(3255): warning C4244: “参数”: 从“double”转换到“int”，可能丢失数据
d:\bdi5\bdi5\源.cpp(3258): warning C4244: “参数”: 从“double”转换到“int”，可能丢失数据
d:\bdi5\bdi5\源.cpp(3264): warning C4244: “参数”: 从“double”转换到“int”，可能丢失数据
d:\bdi5\bdi5\源.cpp(3267): warning C4244: “参数”: 从“double”转换到“int”，可能丢失数据
d:\bdi5\bdi5\源.cpp(3269): warning C4244: “参数”: 从“double”转换到“int”，可能丢失数据
d:\bdi5\bdi5\源.cpp(3275): warning C4244: “参数”: 从“double”转换到“int”，可能丢失数据
d:\bdi5\bdi5\源.cpp(3278): warning C4244: “参数”: 从“double”转换到“int”，可能丢失数据
d:\bdi5\bdi5\源.cpp(3281): warning C4244: “参数”: 从“double”转换到“int”，可能丢失数据
d:\bdi5\bdi5\源.cpp(3287): warning C4244: “参数”: 从“double”转换到“int”，可能丢失数据
d:\bdi5\bdi5\源.cpp(3312): warning C4244: “参数”: 从“double”转换到“int”，可能丢失数据
d:\bdi5\bdi5\源.cpp(3314): warning C4244: “参数”: 从“double”转换到“int”，可能丢失数据
d:\bdi5\bdi5\源.cpp(3315): warning C4244: “参数”: 从“double”转换到“int”，可能丢失数据
d:\bdi5\bdi5\源.cpp(3324): warning C4244: “参数”: 从“double”转换到“int”，可能丢失数据
d:\bdi5\bdi5\源.cpp(3330): warning C4244: “参数”: 从“double”转换到“int”，可能丢失数据
d:\bdi5\bdi5\源.cpp(3333): warning C4244: “参数”: 从“double”转换到“int”，可能丢失数据
d:\bdi5\bdi5\源.cpp(3335): warning C4244: “参数”: 从“double”转换到“int”，可能丢失数据
d:\bdi5\bdi5\源.cpp(3341): warning C4244: “参数”: 从“double”转换到“int”，可能丢失数据
d:\bdi5\bdi5\源.cpp(3344): warning C4244: “参数”: 从“double”转换到“int”，可能丢失数据
d:\bdi5\bdi5\源.cpp(3350): warning C4244: “参数”: 从“double”转换到“int”，可能丢失数据
d:\bdi5\bdi5\源.cpp(3353): warning C4244: “参数”: 从“double”转换到“int”，可能丢失数据
d:\bdi5\bdi5\源.cpp(3355): warning C4244: “参数”: 从“double”转换到“int”，可能丢失数据
d:\bdi5\bdi5\源.cpp(3356): warning C4244: “参数”: 从“double”转换到“int”，可能丢失数据
d:\bdi5\bdi5\源.cpp(3365): warning C4244: “参数”: 从“double”转换到“int”，可能丢失数据
d:\bdi5\bdi5\源.cpp(3368): warning C4244: “参数”: 从“double”转换到“int”，可能丢失数据
d:\bdi5\bdi5\源.cpp(3374): warning C4244: “参数”: 从“double”转换到“int”，可能丢失数据
d:\bdi5\bdi5\源.cpp(3377): warning C4244: “参数”: 从“double”转换到“int”，可能丢失数据
d:\bdi5\bdi5\源.cpp(3379): warning C4244: “参数”: 从“double”转换到“int”，可能丢失数据
d:\bdi5\bdi5\源.cpp(3380): warning C4244: “参数”: 从“double”转换到“int”，可能丢失数据
d:\bdi5\bdi5\源.cpp(3389): warning C4244: “参数”: 从“double”转换到“int”，可能丢失数据
d:\bdi5\bdi5\源.cpp(3395): warning C4244: “参数”: 从“double”转换到“int”，可能丢失数据
d:\bdi5\bdi5\源.cpp(3398): warning C4244: “参数”: 从“double”转换到“int”，可能丢失数据
d:\bdi5\bdi5\源.cpp(3400): warning C4244: “参数”: 从“double”转换到“int”，可能丢失数据
d:\bdi5\bdi5\源.cpp(3406): warning C4244: “参数”: 从“double”转换到“int”，可能丢失数据
d:\bdi5\bdi5\源.cpp(3409): warning C4244: “参数”: 从“double”转换到“int”，可能丢失数据
d:\bdi5\bdi5\源.cpp(3415): warning C4244: “参数”: 从“double”转换到“int”，可能丢失数据
d:\bdi5\bdi5\源.cpp(3418): warning C4244: “参数”: 从“double”转换到“int”，可能丢失数据
d:\bdi5\bdi5\源.cpp(3420): warning C4244: “参数”: 从“double”转换到“int”，可能丢失数据
d:\bdi5\bdi5\源.cpp(3421): warning C4244: “参数”: 从“double”转换到“int”，可能丢失数据
d:\bdi5\bdi5\源.cpp(3430): warning C4244: “参数”: 从“double”转换到“int”，可能丢失数据
d:\bdi5\bdi5\源.cpp(3433): warning C4244: “参数”: 从“double”转换到“int”，可能丢失数据
d:\bdi5\bdi5\源.cpp(3439): warning C4244: “参数”: 从“double”转换到“int”，可能丢失数据
d:\bdi5\bdi5\源.cpp(3442): warning C4244: “参数”: 从“double”转换到“int”，可能丢失数据
d:\bdi5\bdi5\源.cpp(3444): warning C4244: “参数”: 从“double”转换到“int”，可能丢失数据
d:\bdi5\bdi5\源.cpp(3450): warning C4244: “参数”: 从“double”转换到“int”，可能丢失数据
d:\bdi5\bdi5\源.cpp(3453): warning C4244: “参数”: 从“double”转换到“int”，可能丢失数据
d:\bdi5\bdi5\源.cpp(3456): warning C4244: “参数”: 从“double”转换到“int”，可能丢失数据
d:\bdi5\bdi5\源.cpp(3462): warning C4244: “参数”: 从“double”转换到“int”，可能丢失数据
d:\bdi5\bdi5\源.cpp(3465): warning C4244: “参数”: 从“double”转换到“int”，可能丢失数据
d:\bdi5\bdi5\源.cpp(3467): warning C4244: “参数”: 从“double”转换到“int”，可能丢失数据
d:\bdi5\bdi5\源.cpp(3473): warning C4244: “参数”: 从“double”转换到“int”，可能丢失数据
d:\bdi5\bdi5\源.cpp(3476): warning C4244: “参数”: 从“double”转换到“int”，可能丢失数据
d:\bdi5\bdi5\源.cpp(3482): warning C4244: “参数”: 从“double”转换到“int”，可能丢失数据
d:\bdi5\bdi5\源.cpp(3485): warning C4244: “参数”: 从“double”转换到“int”，可能丢失数据
d:\bdi5\bdi5\源.cpp(3487): warning C4244: “参数”: 从“double”转换到“int”，可能丢失数据
d:\bdi5\bdi5\源.cpp(3493): warning C4244: “参数”: 从“double”转换到“int”，可能丢失数据
d:\bdi5\bdi5\源.cpp(3496): warning C4244: “参数”: 从“double”转换到“int”，可能丢失数据
d:\bdi5\bdi5\源.cpp(3499): warning C4244: “参数”: 从“double”转换到“int”，可能丢失数据
d:\bdi5\bdi5\源.cpp(3505): warning C4244: “参数”: 从“double”转换到“int”，可能丢失数据
d:\bdi5\bdi5\源.cpp(3508): warning C4244: “参数”: 从“double”转换到“int”，可能丢失数据
d:\bdi5\bdi5\源.cpp(3510): warning C4244: “参数”: 从“double”转换到“int”，可能丢失数据
d:\bdi5\bdi5\源.cpp(3516): warning C4244: “参数”: 从“double”转换到“int”，可能丢失数据
d:\bdi5\bdi5\源.cpp(3519): warning C4244: “参数”: 从“double”转换到“int”，可能丢失数据
d:\bdi5\bdi5\源.cpp(3525): warning C4244: “参数”: 从“double”转换到“int”，可能丢失数据
d:\bdi5\bdi5\源.cpp(3528): warning C4244: “参数”: 从“double”转换到“int”，可能丢失数据
d:\bdi5\bdi5\源.cpp(3530): warning C4244: “参数”: 从“double”转换到“int”，可能丢失数据
d:\bdi5\bdi5\源.cpp(3531): warning C4244: “参数”: 从“double”转换到“int”，可能丢失数据
d:\bdi5\bdi5\源.cpp(3540): warning C4244: “参数”: 从“double”转换到“int”，可能丢失数据
d:\bdi5\bdi5\源.cpp(3543): warning C4244: “参数”: 从“double”转换到“int”，可能丢失数据
d:\bdi5\bdi5\源.cpp(3549): warning C4244: “参数”: 从“double”转换到“int”，可能丢失数据
d:\bdi5\bdi5\源.cpp(3552): warning C4244: “参数”: 从“double”转换到“int”，可能丢失数据
d:\bdi5\bdi5\源.cpp(3554): warning C4244: “参数”: 从“double”转换到“int”，可能丢失数据
d:\bdi5\bdi5\源.cpp(3560): warning C4244: “参数”: 从“double”转换到“int”，可能丢失数据
d:\bdi5\bdi5\源.cpp(3563): warning C4244: “参数”: 从“double”转换到“int”，可能丢失数据
d:\bdi5\bdi5\源.cpp(3566): warning C4244: “参数”: 从“double”转换到“int”，可能丢失数据
d:\bdi5\bdi5\源.cpp(3572): warning C4244: “参数”: 从“double”转换到“int”，可能丢失数据
d:\bdi5\bdi5\源.cpp(3575): warning C4244: “参数”: 从“double”转换到“int”，可能丢失数据
d:\bdi5\bdi5\源.cpp(3577): warning C4244: “参数”: 从“double”转换到“int”，可能丢失数据
d:\bdi5\bdi5\源.cpp(3583): warning C4244: “参数”: 从“double”转换到“int”，可能丢失数据
d:\bdi5\bdi5\源.cpp(3586): warning C4244: “参数”: 从“double”转换到“int”，可能丢失数据
d:\bdi5\bdi5\源.cpp(3592): warning C4244: “参数”: 从“double”转换到“int”，可能丢失数据
d:\bdi5\bdi5\源.cpp(3595): warning C4244: “参数”: 从“double”转换到“int”，可能丢失数据
d:\bdi5\bdi5\源.cpp(3597): warning C4244: “参数”: 从“double”转换到“int”，可能丢失数据
d:\bdi5\bdi5\源.cpp(3598): warning C4244: “参数”: 从“double”转换到“int”，可能丢失数据
d:\bdi5\bdi5\源.cpp(3607): warning C4244: “参数”: 从“double”转换到“int”，可能丢失数据
d:\bdi5\bdi5\源.cpp(3610): warning C4244: “参数”: 从“double”转换到“int”，可能丢失数据
d:\bdi5\bdi5\源.cpp(3616): warning C4244: “参数”: 从“double”转换到“int”，可能丢失数据
d:\bdi5\bdi5\源.cpp(3619): warning C4244: “参数”: 从“double”转换到“int”，可能丢失数据
d:\bdi5\bdi5\源.cpp(3621): warning C4244: “参数”: 从“double”转换到“int”，可能丢失数据
d:\bdi5\bdi5\源.cpp(3627): warning C4244: “参数”: 从“double”转换到“int”，可能丢失数据
d:\bdi5\bdi5\源.cpp(3630): warning C4244: “参数”: 从“double”转换到“int”，可能丢失数据
d:\bdi5\bdi5\源.cpp(3633): warning C4244: “参数”: 从“double”转换到“int”，可能丢失数据
d:\bdi5\bdi5\源.cpp(3639): warning C4244: “参数”: 从“double”转换到“int”，可能丢失数据
d:\bdi5\bdi5\源.cpp(3642): warning C4244: “参数”: 从“double”转换到“int”，可能丢失数据
d:\bdi5\bdi5\源.cpp(3644): warning C4244: “参数”: 从“double”转换到“int”，可能丢失数据
d:\bdi5\bdi5\源.cpp(3650): warning C4244: “参数”: 从“double”转换到“int”，可能丢失数据
d:\bdi5\bdi5\源.cpp(3653): warning C4244: “参数”: 从“double”转换到“int”，可能丢失数据
d:\bdi5\bdi5\源.cpp(3656): warning C4244: “参数”: 从“double”转换到“int”，可能丢失数据
d:\bdi5\bdi5\源.cpp(3662): warning C4244: “参数”: 从“double”转换到“int”，可能丢失数据
d:\bdi5\bdi5\源.cpp(3665): warning C4244: “参数”: 从“double”转换到“int”，可能丢失数据
d:\bdi5\bdi5\源.cpp(3667): warning C4244: “参数”: 从“double”转换到“int”，可能丢失数据
d:\bdi5\bdi5\源.cpp(3673): warning C4244: “参数”: 从“double”转换到“int”，可能丢失数据
d:\bdi5\bdi5\源.cpp(3676): warning C4244: “参数”: 从“double”转换到“int”，可能丢失数据
d:\bdi5\bdi5\源.cpp(3682): warning C4244: “参数”: 从“double”转换到“int”，可能丢失数据
d:\bdi5\bdi5\源.cpp(3685): warning C4244: “参数”: 从“double”转换到“int”，可能丢失数据
d:\bdi5\bdi5\源.cpp(3687): warning C4244: “参数”: 从“double”转换到“int”，可能丢失数据
d:\bdi5\bdi5\源.cpp(3693): warning C4244: “参数”: 从“double”转换到“int”，可能丢失数据
d:\bdi5\bdi5\源.cpp(3696): warning C4244: “参数”: 从“double”转换到“int”，可能丢失数据
d:\bdi5\bdi5\源.cpp(3702): warning C4244: “参数”: 从“double”转换到“int”，可能丢失数据
d:\bdi5\bdi5\源.cpp(3721): warning C4244: “参数”: 从“double”转换到“int”，可能丢失数据
d:\bdi5\bdi5\源.cpp(3723): warning C4244: “参数”: 从“double”转换到“int”，可能丢失数据
d:\bdi5\bdi5\源.cpp(3724): warning C4244: “参数”: 从“double”转换到“int”，可能丢失数据
d:\bdi5\bdi5\源.cpp(3733): warning C4244: “参数”: 从“double”转换到“int”，可能丢失数据
d:\bdi5\bdi5\源.cpp(3739): warning C4244: “参数”: 从“double”转换到“int”，可能丢失数据
d:\bdi5\bdi5\源.cpp(3742): warning C4244: “参数”: 从“double”转换到“int”，可能丢失数据
d:\bdi5\bdi5\源.cpp(3744): warning C4244: “参数”: 从“double”转换到“int”，可能丢失数据
d:\bdi5\bdi5\源.cpp(3750): warning C4244: “参数”: 从“double”转换到“int”，可能丢失数据
d:\bdi5\bdi5\源.cpp(3753): warning C4244: “参数”: 从“double”转换到“int”，可能丢失数据
d:\bdi5\bdi5\源.cpp(3759): warning C4244: “参数”: 从“double”转换到“int”，可能丢失数据
d:\bdi5\bdi5\源.cpp(3762): warning C4244: “参数”: 从“double”转换到“int”，可能丢失数据
d:\bdi5\bdi5\源.cpp(3764): warning C4244: “参数”: 从“double”转换到“int”，可能丢失数据
d:\bdi5\bdi5\源.cpp(3765): warning C4244: “参数”: 从“double”转换到“int”，可能丢失数据
d:\bdi5\bdi5\源.cpp(3774): warning C4244: “参数”: 从“double”转换到“int”，可能丢失数据
d:\bdi5\bdi5\源.cpp(3777): warning C4244: “参数”: 从“double”转换到“int”，可能丢失数据
d:\bdi5\bdi5\源.cpp(3783): warning C4244: “参数”: 从“double”转换到“int”，可能丢失数据
d:\bdi5\bdi5\源.cpp(3786): warning C4244: “参数”: 从“double”转换到“int”，可能丢失数据
d:\bdi5\bdi5\源.cpp(3788): warning C4244: “参数”: 从“double”转换到“int”，可能丢失数据
d:\bdi5\bdi5\源.cpp(3794): warning C4244: “参数”: 从“double”转换到“int”，可能丢失数据
d:\bdi5\bdi5\源.cpp(3797): warning C4244: “参数”: 从“double”转换到“int”，可能丢失数据
d:\bdi5\bdi5\源.cpp(3803): warning C4244: “参数”: 从“double”转换到“int”，可能丢失数据
d:\bdi5\bdi5\源.cpp(3819): warning C4244: “参数”: 从“double”转换到“int”，可能丢失数据
d:\bdi5\bdi5\源.cpp(3821): warning C4244: “参数”: 从“double”转换到“int”，可能丢失数据
d:\bdi5\bdi5\源.cpp(3822): warning C4244: “参数”: 从“double”转换到“int”，可能丢失数据
d:\bdi5\bdi5\源.cpp(3831): warning C4244: “参数”: 从“double”转换到“int”，可能丢失数据
d:\bdi5\bdi5\源.cpp(3837): warning C4244: “参数”: 从“double”转换到“int”，可能丢失数据
d:\bdi5\bdi5\源.cpp(3840): warning C4244: “参数”: 从“double”转换到“int”，可能丢失数据
d:\bdi5\bdi5\源.cpp(3842): warning C4244: “参数”: 从“double”转换到“int”，可能丢失数据
d:\bdi5\bdi5\源.cpp(3848): warning C4244: “参数”: 从“double”转换到“int”，可能丢失数据
d:\bdi5\bdi5\源.cpp(3851): warning C4244: “参数”: 从“double”转换到“int”，可能丢失数据
d:\bdi5\bdi5\源.cpp(3854): warning C4244: “参数”: 从“double”转换到“int”，可能丢失数据
d:\bdi5\bdi5\源.cpp(3860): warning C4244: “参数”: 从“double”转换到“int”，可能丢失数据
d:\bdi5\bdi5\源.cpp(3863): warning C4244: “参数”: 从“double”转换到“int”，可能丢失数据
d:\bdi5\bdi5\源.cpp(3865): warning C4244: “参数”: 从“double”转换到“int”，可能丢失数据
d:\bdi5\bdi5\源.cpp(3871): warning C4244: “参数”: 从“double”转换到“int”，可能丢失数据
d:\bdi5\bdi5\源.cpp(3874): warning C4244: “参数”: 从“double”转换到“int”，可能丢失数据
d:\bdi5\bdi5\源.cpp(3877): warning C4244: “参数”: 从“double”转换到“int”，可能丢失数据
d:\bdi5\bdi5\源.cpp(3883): warning C4244: “参数”: 从“double”转换到“int”，可能丢失数据
d:\bdi5\bdi5\源.cpp(3886): warning C4244: “参数”: 从“double”转换到“int”，可能丢失数据
d:\bdi5\bdi5\源.cpp(3888): warning C4244: “参数”: 从“double”转换到“int”，可能丢失数据
d:\bdi5\bdi5\源.cpp(3889): warning C4244: “参数”: 从“double”转换到“int”，可能丢失数据
d:\bdi5\bdi5\源.cpp(3898): warning C4244: “参数”: 从“double”转换到“int”，可能丢失数据
d:\bdi5\bdi5\源.cpp(3904): warning C4244: “参数”: 从“double”转换到“int”，可能丢失数据
d:\bdi5\bdi5\源.cpp(3919): warning C4244: “参数”: 从“double”转换到“int”，可能丢失数据
d:\bdi5\bdi5\源.cpp(3921): warning C4244: “参数”: 从“double”转换到“int”，可能丢失数据
d:\bdi5\bdi5\源.cpp(3927): warning C4244: “参数”: 从“double”转换到“int”，可能丢失数据
d:\bdi5\bdi5\源.cpp(3930): warning C4244: “参数”: 从“double”转换到“int”，可能丢失数据
d:\bdi5\bdi5\源.cpp(3933): warning C4244: “参数”: 从“double”转换到“int”，可能丢失数据
d:\bdi5\bdi5\源.cpp(3939): warning C4244: “参数”: 从“double”转换到“int”，可能丢失数据
d:\bdi5\bdi5\源.cpp(3942): warning C4244: “参数”: 从“double”转换到“int”，可能丢失数据
d:\bdi5\bdi5\源.cpp(3944): warning C4244: “参数”: 从“double”转换到“int”，可能丢失数据
d:\bdi5\bdi5\源.cpp(3950): warning C4244: “参数”: 从“double”转换到“int”，可能丢失数据
d:\bdi5\bdi5\源.cpp(3953): warning C4244: “参数”: 从“double”转换到“int”，可能丢失数据
d:\bdi5\bdi5\源.cpp(3956): warning C4244: “参数”: 从“double”转换到“int”，可能丢失数据
d:\bdi5\bdi5\源.cpp(3962): warning C4244: “参数”: 从“double”转换到“int”，可能丢失数据
d:\bdi5\bdi5\源.cpp(3980): warning C4244: “参数”: 从“double”转换到“int”，可能丢失数据
d:\bdi5\bdi5\源.cpp(3982): warning C4244: “参数”: 从“double”转换到“int”，可能丢失数据
d:\bdi5\bdi5\源.cpp(3988): warning C4244: “参数”: 从“double”转换到“int”，可能丢失数据
d:\bdi5\bdi5\源.cpp(3991): warning C4244: “参数”: 从“double”转换到“int”，可能丢失数据
d:\bdi5\bdi5\源.cpp(3994): warning C4244: “参数”: 从“double”转换到“int”，可能丢失数据
d:\bdi5\bdi5\源.cpp(4000): warning C4244: “参数”: 从“double”转换到“int”，可能丢失数据
d:\bdi5\bdi5\源.cpp(4003): warning C4244: “参数”: 从“double”转换到“int”，可能丢失数据
d:\bdi5\bdi5\源.cpp(4005): warning C4244: “参数”: 从“double”转换到“int”，可能丢失数据
d:\bdi5\bdi5\源.cpp(4011): warning C4244: “参数”: 从“double”转换到“int”，可能丢失数据
d:\bdi5\bdi5\源.cpp(4014): warning C4244: “参数”: 从“double”转换到“int”，可能丢失数据
d:\bdi5\bdi5\源.cpp(4017): warning C4244: “参数”: 从“double”转换到“int”，可能丢失数据
d:\bdi5\bdi5\源.cpp(4023): warning C4244: “参数”: 从“double”转换到“int”，可能丢失数据
d:\bdi5\bdi5\源.cpp(4026): warning C4244: “参数”: 从“double”转换到“int”，可能丢失数据
d:\bdi5\bdi5\源.cpp(4028): warning C4244: “参数”: 从“double”转换到“int”，可能丢失数据
d:\bdi5\bdi5\源.cpp(4034): warning C4244: “参数”: 从“double”转换到“int”，可能丢失数据
d:\bdi5\bdi5\源.cpp(4037): warning C4244: “参数”: 从“double”转换到“int”，可能丢失数据
d:\bdi5\bdi5\源.cpp(4043): warning C4244: “参数”: 从“double”转换到“int”，可能丢失数据
d:\bdi5\bdi5\源.cpp(4046): warning C4244: “参数”: 从“double”转换到“int”，可能丢失数据
d:\bdi5\bdi5\源.cpp(4048): warning C4244: “参数”: 从“double”转换到“int”，可能丢失数据
d:\bdi5\bdi5\源.cpp(4054): warning C4244: “参数”: 从“double”转换到“int”，可能丢失数据
d:\bdi5\bdi5\源.cpp(4060): warning C4244: “参数”: 从“double”转换到“int”，可能丢失数据
d:\bdi5\bdi5\源.cpp(4067): warning C4244: “参数”: 从“double”转换到“int”，可能丢失数据
d:\bdi5\bdi5\源.cpp(4069): warning C4244: “参数”: 从“double”转换到“int”，可能丢失数据
d:\bdi5\bdi5\源.cpp(4070): warning C4244: “参数”: 从“double”转换到“int”，可能丢失数据
d:\bdi5\bdi5\源.cpp(4079): warning C4244: “参数”: 从“double”转换到“int”，可能丢失数据
d:\bdi5\bdi5\源.cpp(4085): warning C4244: “参数”: 从“double”转换到“int”，可能丢失数据
d:\bdi5\bdi5\源.cpp(4099): warning C4244: “参数”: 从“double”转换到“int”，可能丢失数据
d:\bdi5\bdi5\源.cpp(4101): warning C4244: “参数”: 从“double”转换到“int”，可能丢失数据
d:\bdi5\bdi5\源.cpp(4102): warning C4244: “参数”: 从“double”转换到“int”，可能丢失数据
d:\bdi5\bdi5\源.cpp(4111): warning C4244: “参数”: 从“double”转换到“int”，可能丢失数据
d:\bdi5\bdi5\源.cpp(4114): warning C4244: “参数”: 从“double”转换到“int”，可能丢失数据
d:\bdi5\bdi5\源.cpp(4120): warning C4244: “参数”: 从“double”转换到“int”，可能丢失数据
d:\bdi5\bdi5\源.cpp(4123): warning C4244: “参数”: 从“double”转换到“int”，可能丢失数据
d:\bdi5\bdi5\源.cpp(4125): warning C4244: “参数”: 从“double”转换到“int”，可能丢失数据
d:\bdi5\bdi5\源.cpp(4131): warning C4244: “参数”: 从“double”转换到“int”，可能丢失数据
d:\bdi5\bdi5\源.cpp(4134): warning C4244: “参数”: 从“double”转换到“int”，可能丢失数据
d:\bdi5\bdi5\源.cpp(4137): warning C4244: “参数”: 从“double”转换到“int”，可能丢失数据
d:\bdi5\bdi5\源.cpp(4143): warning C4244: “参数”: 从“double”转换到“int”，可能丢失数据
d:\bdi5\bdi5\源.cpp(4146): warning C4244: “参数”: 从“double”转换到“int”，可能丢失数据
d:\bdi5\bdi5\源.cpp(4148): warning C4244: “参数”: 从“double”转换到“int”，可能丢失数据
d:\bdi5\bdi5\源.cpp(4153): warning C4244: “参数”: 从“double”转换到“int”，可能丢失数据
d:\bdi5\bdi5\源.cpp(4156): warning C4244: “参数”: 从“double”转换到“int”，可能丢失数据
d:\bdi5\bdi5\源.cpp(4159): warning C4244: “参数”: 从“double”转换到“int”，可能丢失数据
d:\bdi5\bdi5\源.cpp(4165): warning C4244: “参数”: 从“double”转换到“int”，可能丢失数据
d:\bdi5\bdi5\源.cpp(4170): warning C4244: “参数”: 从“double”转换到“int”，可能丢失数据
d:\bdi5\bdi5\源.cpp(4172): warning C4244: “参数”: 从“double”转换到“int”，可能丢失数据
d:\bdi5\bdi5\源.cpp(4173): warning C4244: “参数”: 从“double”转换到“int”，可能丢失数据
d:\bdi5\bdi5\源.cpp(4182): warning C4244: “参数”: 从“double”转换到“int”，可能丢失数据
d:\bdi5\bdi5\源.cpp(4185): warning C4244: “参数”: 从“double”转换到“int”，可能丢失数据
d:\bdi5\bdi5\源.cpp(4191): warning C4244: “参数”: 从“double”转换到“int”，可能丢失数据
d:\bdi5\bdi5\源.cpp(4196): warning C4244: “参数”: 从“double”转换到“int”，可能丢失数据
d:\bdi5\bdi5\源.cpp(4198): warning C4244: “参数”: 从“double”转换到“int”，可能丢失数据
d:\bdi5\bdi5\源.cpp(4199): warning C4244: “参数”: 从“double”转换到“int”，可能丢失数据
d:\bdi5\bdi5\源.cpp(4208): warning C4244: “参数”: 从“double”转换到“int”，可能丢失数据
d:\bdi5\bdi5\源.cpp(4214): warning C4244: “参数”: 从“double”转换到“int”，可能丢失数据
d:\bdi5\bdi5\源.cpp(4234): warning C4244: “参数”: 从“double”转换到“int”，可能丢失数据
d:\bdi5\bdi5\源.cpp(4236): warning C4244: “参数”: 从“double”转换到“int”，可能丢失数据
d:\bdi5\bdi5\源.cpp(4241): warning C4244: “参数”: 从“double”转换到“int”，可能丢失数据
d:\bdi5\bdi5\源.cpp(4244): warning C4244: “参数”: 从“double”转换到“int”，可能丢失数据
d:\bdi5\bdi5\源.cpp(4247): warning C4244: “参数”: 从“double”转换到“int”，可能丢失数据
d:\bdi5\bdi5\源.cpp(4253): warning C4244: “参数”: 从“double”转换到“int”，可能丢失数据
d:\bdi5\bdi5\源.cpp(4256): warning C4244: “参数”: 从“double”转换到“int”，可能丢失数据
d:\bdi5\bdi5\源.cpp(4258): warning C4244: “参数”: 从“double”转换到“int”，可能丢失数据
d:\bdi5\bdi5\源.cpp(4263): warning C4244: “参数”: 从“double”转换到“int”，可能丢失数据
d:\bdi5\bdi5\源.cpp(4266): warning C4244: “参数”: 从“double”转换到“int”，可能丢失数据
d:\bdi5\bdi5\源.cpp(4269): warning C4244: “参数”: 从“double”转换到“int”，可能丢失数据
d:\bdi5\bdi5\源.cpp(4275): warning C4244: “参数”: 从“double”转换到“int”，可能丢失数据
d:\bdi5\bdi5\源.cpp(4280): warning C4244: “参数”: 从“double”转换到“int”，可能丢失数据
d:\bdi5\bdi5\源.cpp(4282): warning C4244: “参数”: 从“double”转换到“int”，可能丢失数据
d:\bdi5\bdi5\源.cpp(4283): warning C4244: “参数”: 从“double”转换到“int”，可能丢失数据
d:\bdi5\bdi5\源.cpp(4292): warning C4244: “参数”: 从“double”转换到“int”，可能丢失数据
d:\bdi5\bdi5\源.cpp(4298): warning C4244: “参数”: 从“double”转换到“int”，可能丢失数据
d:\bdi5\bdi5\源.cpp(4337): warning C4244: “参数”: 从“double”转换到“int”，可能丢失数据
d:\bdi5\bdi5\源.cpp(4339): warning C4244: “参数”: 从“double”转换到“int”，可能丢失数据
d:\bdi5\bdi5\源.cpp(4343): warning C4244: “参数”: 从“double”转换到“int”，可能丢失数据
d:\bdi5\bdi5\源.cpp(4348): warning C4244: “参数”: 从“double”转换到“int”，可能丢失数据
d:\bdi5\bdi5\源.cpp(4354): warning C4244: “参数”: 从“double”转换到“int”，可能丢失数据
d:\bdi5\bdi5\源.cpp(4358): warning C4244: “参数”: 从“double”转换到“int”，可能丢失数据
d:\bdi5\bdi5\源.cpp(4360): warning C4244: “参数”: 从“double”转换到“int”，可能丢失数据
d:\bdi5\bdi5\源.cpp(4365): warning C4244: “参数”: 从“double”转换到“int”，可能丢失数据
d:\bdi5\bdi5\源.cpp(4368): warning C4244: “参数”: 从“double”转换到“int”，可能丢失数据
d:\bdi5\bdi5\源.cpp(4371): warning C4244: “参数”: 从“double”转换到“int”，可能丢失数据
d:\bdi5\bdi5\源.cpp(4374): warning C4244: “参数”: 从“double”转换到“int”，可能丢失数据
d:\bdi5\bdi5\源.cpp(4380): warning C4244: “参数”: 从“double”转换到“int”，可能丢失数据
d:\bdi5\bdi5\源.cpp(4383): warning C4244: “参数”: 从“double”转换到“int”，可能丢失数据
d:\bdi5\bdi5\源.cpp(4386): warning C4244: “参数”: 从“double”转换到“int”，可能丢失数据
d:\bdi5\bdi5\源.cpp(4389): warning C4244: “参数”: 从“double”转换到“int”，可能丢失数据
d:\bdi5\bdi5\源.cpp(4476): warning C4244: “参数”: 从“double”转换到“int”，可能丢失数据
d:\bdi5\bdi5\源.cpp(4478): warning C4244: “参数”: 从“double”转换到“int”，可能丢失数据
d:\bdi5\bdi5\源.cpp(4482): warning C4244: “参数”: 从“double”转换到“int”，可能丢失数据
d:\bdi5\bdi5\源.cpp(4485): warning C4244: “参数”: 从“double”转换到“int”，可能丢失数据
d:\bdi5\bdi5\源.cpp(4488): warning C4244: “参数”: 从“double”转换到“int”，可能丢失数据
d:\bdi5\bdi5\源.cpp(4490): warning C4244: “参数”: 从“double”转换到“int”，可能丢失数据
d:\bdi5\bdi5\源.cpp(4495): warning C4244: “参数”: 从“double”转换到“int”，可能丢失数据
d:\bdi5\bdi5\源.cpp(4498): warning C4244: “参数”: 从“double”转换到“int”，可能丢失数据
d:\bdi5\bdi5\源.cpp(4501): warning C4244: “参数”: 从“double”转换到“int”，可能丢失数据
d:\bdi5\bdi5\源.cpp(4504): warning C4244: “参数”: 从“double”转换到“int”，可能丢失数据
d:\bdi5\bdi5\源.cpp(4552): warning C4244: “参数”: 从“double”转换到“int”，可能丢失数据
d:\bdi5\bdi5\源.cpp(4555): warning C4244: “参数”: 从“double”转换到“int”，可能丢失数据
d:\bdi5\bdi5\源.cpp(4558): warning C4244: “参数”: 从“double”转换到“int”，可能丢失数据
d:\bdi5\bdi5\源.cpp(4561): warning C4244: “参数”: 从“double”转换到“int”，可能丢失数据
d:\bdi5\bdi5\源.cpp(4606): warning C4244: “参数”: 从“double”转换到“int”，可能丢失数据
d:\bdi5\bdi5\源.cpp(4608): warning C4244: “参数”: 从“double”转换到“int”，可能丢失数据
d:\bdi5\bdi5\源.cpp(4614): warning C4244: “参数”: 从“double”转换到“int”，可能丢失数据
d:\bdi5\bdi5\源.cpp(4617): warning C4244: “参数”: 从“double”转换到“int”，可能丢失数据
d:\bdi5\bdi5\源.cpp(4619): warning C4244: “参数”: 从“double”转换到“int”，可能丢失数据
d:\bdi5\bdi5\源.cpp(4622): warning C4244: “参数”: 从“double”转换到“int”，可能丢失数据
d:\bdi5\bdi5\源.cpp(4625): warning C4244: “参数”: 从“double”转换到“int”，可能丢失数据
d:\bdi5\bdi5\源.cpp(4628): warning C4244: “参数”: 从“double”转换到“int”，可能丢失数据
d:\bdi5\bdi5\源.cpp(4631): warning C4244: “参数”: 从“double”转换到“int”，可能丢失数据
d:\bdi5\bdi5\源.cpp(4677): warning C4244: “参数”: 从“double”转换到“int”，可能丢失数据
d:\bdi5\bdi5\源.cpp(4680): warning C4244: “参数”: 从“double”转换到“int”，可能丢失数据
d:\bdi5\bdi5\源.cpp(4682): warning C4244: “参数”: 从“double”转换到“int”，可能丢失数据
d:\bdi5\bdi5\源.cpp(4685): warning C4244: “参数”: 从“double”转换到“int”，可能丢失数据
d:\bdi5\bdi5\源.cpp(4688): warning C4244: “参数”: 从“double”转换到“int”，可能丢失数据
d:\bdi5\bdi5\源.cpp(4691): warning C4244: “参数”: 从“double”转换到“int”，可能丢失数据
d:\bdi5\bdi5\源.cpp(4694): warning C4244: “参数”: 从“double”转换到“int”，可能丢失数据
d:\bdi5\bdi5\源.cpp(4907): warning C4244: “参数”: 从“double”转换到“int”，可能丢失数据
d:\bdi5\bdi5\源.cpp(4911): warning C4244: “参数”: 从“double”转换到“int”，可能丢失数据
d:\bdi5\bdi5\源.cpp(4952): warning C4244: “参数”: 从“double”转换到“int”，可能丢失数据
d:\bdi5\bdi5\源.cpp(4972): warning C4244: “参数”: 从“double”转换到“int”，可能丢失数据
d:\bdi5\bdi5\源.cpp(4977): warning C4244: “参数”: 从“double”转换到“int”，可能丢失数据
d:\bdi5\bdi5\源.cpp(5007): warning C4244: “参数”: 从“double”转换到“int”，可能丢失数据
d:\bdi5\bdi5\源.cpp(5025): warning C4244: “参数”: 从“double”转换到“int”，可能丢失数据
d:\bdi5\bdi5\源.cpp(5029): warning C4244: “参数”: 从“double”转换到“int”，可能丢失数据
d:\bdi5\bdi5\源.cpp(5037): warning C4244: “参数”: 从“double”转换到“int”，可能丢失数据
d:\bdi5\bdi5\源.cpp(5098): warning C4244: “参数”: 从“double”转换到“int”，可能丢失数据
d:\bdi5\bdi5\源.cpp(5139): warning C4244: “参数”: 从“double”转换到“int”，可能丢失数据
d:\bdi5\bdi5\源.cpp(5158): warning C4244: “参数”: 从“double”转换到“int”，可能丢失数据
d:\bdi5\bdi5\源.cpp(5162): warning C4244: “参数”: 从“double”转换到“int”，可能丢失数据
d:\bdi5\bdi5\源.cpp(5172): warning C4244: “参数”: 从“double”转换到“int”，可能丢失数据
d:\bdi5\bdi5\源.cpp(5289): warning C4244: “参数”: 从“double”转换到“int”，可能丢失数据
d:\bdi5\bdi5\源.cpp(5291): warning C4244: “参数”: 从“double”转换到“int”，可能丢失数据
d:\bdi5\bdi5\源.cpp(5292): warning C4244: “参数”: 从“double”转换到“int”，可能丢失数据
d:\bdi5\bdi5\源.cpp(5456): warning C4244: “参数”: 从“double”转换到“int”，可能丢失数据
d:\bdi5\bdi5\源.cpp(5481): warning C4244: “参数”: 从“double”转换到“int”，可能丢失数据
  BDI5.vcxproj -> D:\BDI5\Debug\魔塔：拯救公主.exe
  BDI5.vcxproj -> D:\BDI5\Debug\魔塔：拯救公主.pdb (Full PDB)
